C:\USERS\TEST\DOCUMENTS\VISUAL STUDIO 2012\PROJECTS\NETONDOOCR\NETONDOOCR\RELEASE\TESS.OBJ
C:\USERS\TEST\DOCUMENTS\VISUAL STUDIO 2012\PROJECTS\NETONDOOCR\NETONDOOCR\RELEASE\OCR.OBJ
C:\USERS\TEST\DOCUMENTS\VISUAL STUDIO 2012\PROJECTS\NETONDOOCR\NETONDOOCR\RELEASE\CV.OBJ
C:\USERS\TEST\DOCUMENTS\VISUAL STUDIO 2012\PROJECTS\NETONDOOCR\NETONDOOCR\RELEASE\VC110.PDB
C:\USERS\TEST\DOCUMENTS\VISUAL STUDIO 2012\PROJECTS\NETONDOOCR\RELEASE\NETONDOOCR.DLL
C:\USERS\TEST\DOCUMENTS\VISUAL STUDIO 2012\PROJECTS\NETONDOOCR\RELEASE\NETONDOOCR.PDB
C:\Users\test\Documents\Visual Studio 2012\Projects\NetondoOCR\Release\NetondoOCR.lib
C:\Users\test\Documents\Visual Studio 2012\Projects\NetondoOCR\Release\NetondoOCR.exp
C:\Users\test\Documents\Visual Studio 2012\Projects\NetondoOCR\NetondoOCR\Release\CV.obj
C:\Users\test\Documents\Visual Studio 2012\Projects\NetondoOCR\NetondoOCR\Release\OCR.obj
C:\Users\test\Documents\Visual Studio 2012\Projects\NetondoOCR\NetondoOCR\Release\Tess.obj
C:\Users\test\Documents\Visual Studio 2012\Projects\NetondoOCR\NetondoOCR\Release\cl.command.1.tlog
C:\Users\test\Documents\Visual Studio 2012\Projects\NetondoOCR\NetondoOCR\Release\CL.read.1.tlog
C:\Users\test\Documents\Visual Studio 2012\Projects\NetondoOCR\NetondoOCR\Release\CL.write.1.tlog
C:\Users\test\Documents\Visual Studio 2012\Projects\NetondoOCR\NetondoOCR\Release\link-cvtres.read.1.tlog
C:\Users\test\Documents\Visual Studio 2012\Projects\NetondoOCR\NetondoOCR\Release\link-cvtres.write.1.tlog
C:\Users\test\Documents\Visual Studio 2012\Projects\NetondoOCR\NetondoOCR\Release\link-rc.read.1.tlog
C:\Users\test\Documents\Visual Studio 2012\Projects\NetondoOCR\NetondoOCR\Release\link-rc.write.1.tlog
C:\Users\test\Documents\Visual Studio 2012\Projects\NetondoOCR\NetondoOCR\Release\link.command.1.tlog
C:\Users\test\Documents\Visual Studio 2012\Projects\NetondoOCR\NetondoOCR\Release\link.read.1.tlog
C:\Users\test\Documents\Visual Studio 2012\Projects\NetondoOCR\NetondoOCR\Release\link.write.1.tlog
C:\Users\test\Documents\Visual Studio 2012\Projects\NetondoOCR\NetondoOCR\Release\NetondoOCR.write.1.tlog
C:\Users\test\Documents\Visual Studio 2012\Projects\NetondoOCR\NetondoOCR\Release\vc110.pdb
C:\Users\test\Documents\Visual Studio 2012\Projects\NetondoOCR\Release\NetondoOCR.pdb
C:\Users\test\Documents\Visual Studio 2012\Projects\NetondoOCR\Release\NetondoOCR.dll
